<?xml version="1.0" encoding="UTF-8"?>
<!-- Generated by org.testng.reporters.JUnitReportReporter -->
<testsuite hostname="Prasanth" failures="0" tests="4" name="LogAndSign.Login" time="13.364" errors="0" timestamp="2024-10-03T23:40:38 IST" skipped="0">
  <testcase classname="LogAndSign.Login" name="invalidEmail" time="1.337"/>
  <system-out/>
  <testcase classname="LogAndSign.Login" name="invalidPassword" time="1.118"/>
  <system-out/>
  <testcase classname="LogAndSign.Login" name="bothInvalid" time="1.072"/>
  <system-out/>
  <testcase classname="LogAndSign.Login" name="BothValid" time="9.837"/>
  <system-out/>
</testsuite> <!-- LogAndSign.Login -->
