<?xml version="1.0" encoding="UTF-8"?>
<!-- Generated by org.testng.reporters.JUnitReportReporter -->
<testsuite hostname="Prasanth" failures="0" tests="1" name="TestForModules.TestOne" time="0.011" errors="0" timestamp="2024-08-23T00:02:17 IST" skipped="0">
  <testcase classname="TestForModules.TestOne" name="testMethod" time="0.011"/>
  <system-out/>
</testsuite> <!-- TestForModules.TestOne -->
