<?xml version="1.0" encoding="UTF-8"?>
<!-- Generated by org.testng.reporters.JUnitReportReporter -->
<testsuite hostname="Prasanth" failures="0" tests="6" name="Login.PomMethods" time="43.116" errors="0" timestamp="2024-10-06T22:03:37 IST" skipped="0">
  <testcase classname="Login.PomMethods" name="invalidEmail" time="1.939"/>
  <system-out/>
  <testcase classname="Login.PomMethods" name="invalidPassword" time="1.141"/>
  <system-out/>
  <testcase classname="Login.PomMethods" name="bothValid" time="9.523"/>
  <system-out/>
  <testcase classname="Login.PomMethods" name="client" time="10.170"/>
  <system-out/>
  <testcase classname="Login.PomMethods" name="datasOfClientPage" time="20.164"/>
  <system-out/>
  <testcase classname="Login.PomMethods" name="getDatas" time="0.179"/>
  <system-out/>
</testsuite> <!-- Login.PomMethods -->
