<?xml version="1.0" encoding="UTF-8"?>
<!-- Generated by org.testng.reporters.JUnitReportReporter -->
<testsuite hostname="Prasanth" failures="0" tests="4" name="LogAndSign.Reg" time="9.270" errors="0" timestamp="2024-09-30T11:23:45 IST" skipped="0">
  <testcase classname="LogAndSign.Reg" name="invalidEmail" time="1.323"/>
  <system-out/>
  <testcase classname="LogAndSign.Reg" name="invalidPass" time="1.284"/>
  <system-out/>
  <testcase classname="LogAndSign.Reg" name="bothInvalid" time="1.465"/>
  <system-out/>
  <testcase classname="LogAndSign.Reg" name="bothValid" time="5.198"/>
  <system-out/>
</testsuite> <!-- LogAndSign.Reg -->
